{
  "totalTests": 8,
  "passed": 3,
  "failed": 5,
  "results": [
    {
      "testName": "Project Token Authentication",
      "passed": false,
      "details": "RAILWAY_PROJECT_TOKEN not configured - skipping project token test",
      "timestamp": "2025-09-26T01:10:52.190Z",
      "duration": 1
    },
    {
      "testName": "Account Token Authentication",
      "passed": false,
      "details": "RAILWAY_TOKEN not configured - skipping account token test",
      "timestamp": "2025-09-26T01:10:52.190Z",
      "duration": 0
    },
    {
      "testName": "Token Fallback Behavior",
      "passed": false,
      "details": "No tokens configured for fallback test",
      "timestamp": "2025-09-26T01:10:52.191Z",
      "duration": 0
    },
    {
      "testName": "Auto-scaling Service Initialization",
      "passed": true,
      "details": "Auto-scaling initialization correct: Simulation mode due to missing tokens",
      "timestamp": "2025-09-26T01:10:54.228Z",
      "duration": 2037
    },
    {
      "testName": "Real-API Mode Activation",
      "passed": false,
      "details": "No valid Railway credentials available for real-API mode test",
      "timestamp": "2025-09-26T01:10:54.229Z",
      "duration": 1
    },
    {
      "testName": "Simulation Mode Prevention",
      "passed": true,
      "details": "Simulation mode correctly activated due to missing credentials/config",
      "timestamp": "2025-09-26T01:10:54.230Z",
      "duration": 1
    },
    {
      "testName": "Complete Integration Flow",
      "passed": true,
      "details": "Complete integration flow successful: Missing requirements → Simulation Mode",
      "timestamp": "2025-09-26T01:10:54.240Z",
      "duration": 9
    },
    {
      "testName": "Authentication Regression Detection",
      "passed": false,
      "details": "Regression detection failed: No authentication scenarios successful",
      "timestamp": "2025-09-26T01:10:54.245Z",
      "duration": 5
    }
  ],
  "summary": "\n🏁 COMPREHENSIVE RAILWAY AUTHENTICATION TEST RESULTS\n📊 Total Tests: 8\n✅ Passed: 3\n❌ Failed: 5\n📈 Success Rate: 37.5%\n\n🚨 FAILED TESTS:\n   ❌ Project Token Authentication: RAILWAY_PROJECT_TOKEN not configured - skipping project token test\n   ❌ Account Token Authentication: RAILWAY_TOKEN not configured - skipping account token test\n   ❌ Token Fallback Behavior: No tokens configured for fallback test\n   ❌ Real-API Mode Activation: No valid Railway credentials available for real-API mode test\n   ❌ Authentication Regression Detection: Regression detection failed: No authentication scenarios successful\n\n🎯 AUTHENTICATION STATUS:\n   🔑 Project Token: ❌ Missing\n   👤 Account Token: ❌ Missing\n   ⚙️ Service Config: ❌ Incomplete\n   🚀 API Mode: 🎭 Simulation\n\n⚠️ SOME TESTS FAILED. Review the failures above and fix authentication issues.\n",
  "generatedAt": "2025-09-26T01:10:54.255Z",
  "environment": {
    "hasProjectToken": false,
    "hasAccountToken": false,
    "hasServiceConfig": false
  }
}